Arguments: 
  /usr/local/bin/node /usr/local/Cellar/yarn/1.19.1/libexec/bin/yarn.js publish

PATH: 
  /var/folders/y_/0txphqf174jbt5_vw36xdjd40000gn/T/yarn--1580212010572-0.4510222349882851:/Users/wijnandkarsens/Documents/expo-data-forms/node_modules/.bin:/Users/wijnandkarsens/.config/yarn/link/node_modules/.bin:/usr/local/libexec/lib/node_modules/npm/bin/node-gyp-bin:/usr/local/lib/node_modules/npm/bin/node-gyp-bin:/usr/local/bin/node_modules/npm/bin/node-gyp-bin:/usr/local/bin:/usr/bin:/bin:/usr/sbin:/sbin

Yarn version: 
  1.19.1

Node version: 
  10.16.3

Platform: 
  darwin x64

Trace: 
  Error: canceled
      at Interface.<anonymous> (/usr/local/Cellar/yarn/1.19.1/libexec/lib/cli.js:136824:13)
      at Interface.emit (events.js:198:13)
      at Interface._ttyWrite (readline.js:801:16)
      at ReadStream.onkeypress (readline.js:184:10)
      at ReadStream.emit (events.js:198:13)
      at emitKeys (internal/readline.js:424:14)
      at emitKeys.next (<anonymous>)
      at ReadStream.onData (readline.js:1075:36)
      at ReadStream.emit (events.js:198:13)
      at addChunk (_stream_readable.js:288:12)

npm manifest: 
  {
    "name": "expo-data-forms",
    "version": "2.1.7",
    "description": "Create beautiful forms that submit data to redux, a graphql mutation, or an api in many different input types",
    "main": "index.js",
    "repository": "git@github.com:EAT-CODE-KITE-REPEAT/expo-data-forms.git",
    "author": "Wijnand Karsens <wijnandworld@hotmail.com>",
    "license": "MIT",
    "scripts": {
      "fastdeploy": "git add . && git commit -m \"Small improvements\" && npm run deploy",
      "deploy": "yarn publish && git push"
    },
    "peerDependencies": {
      "react": "*",
      "react-native": "*",
      "react-native-vector-icons": "*"
    },
    "dependencies": {
      "@expo/react-native-action-sheet": "^3.4.1",
      "react-native-iphone-x-helper": "^1.2.1",
      "react-native-platform-touchable": "^1.1.1"
    },
    "devDependencies": {
      "@types/react": "^16.8.15"
    }
  }

yarn manifest: 
  No manifest

Lockfile: 
  # THIS IS AN AUTOGENERATED FILE. DO NOT EDIT THIS FILE DIRECTLY.
  # yarn lockfile v1
  
  
  "@expo/react-native-action-sheet@^3.4.1":
    version "3.4.1"
    resolved "https://registry.yarnpkg.com/@expo/react-native-action-sheet/-/react-native-action-sheet-3.4.1.tgz#af1397d3b1c446f77b3ece531ce87aab5a8777d2"
    integrity sha512-N2NXBYI8MZrmpi2G2cKDgE6K4F3MfwnUTpOJpo03BexLSlb7oNcXYpVReD2zxATlfjalTTjYdQ/7EYZdn/Z/sg==
    dependencies:
      "@types/hoist-non-react-statics" "^3.3.1"
      hoist-non-react-statics "^3.3.0"
  
  "@types/hoist-non-react-statics@^3.3.1":
    version "3.3.1"
    resolved "https://registry.yarnpkg.com/@types/hoist-non-react-statics/-/hoist-non-react-statics-3.3.1.tgz#1124aafe5118cb591977aeb1ceaaed1070eb039f"
    integrity sha512-iMIqiko6ooLrTh1joXodJK5X9xeEALT1kM5G3ZLhD3hszxBdIEd5C75U834D9mLcINgD4OyZf5uQXjkuYydWvA==
    dependencies:
      "@types/react" "*"
      hoist-non-react-statics "^3.3.0"
  
  "@types/prop-types@*":
    version "15.7.3"
    resolved "https://registry.yarnpkg.com/@types/prop-types/-/prop-types-15.7.3.tgz#2ab0d5da2e5815f94b0b9d4b95d1e5f243ab2ca7"
    integrity sha512-KfRL3PuHmqQLOG+2tGpRO26Ctg+Cq1E01D2DMriKEATHgWLfeNDmq9e29Q9WIky0dQ3NPkd1mzYH8Lm936Z9qw==
  
  "@types/react@*", "@types/react@^16.8.15":
    version "16.9.19"
    resolved "https://registry.yarnpkg.com/@types/react/-/react-16.9.19.tgz#c842aa83ea490007d29938146ff2e4d9e4360c40"
    integrity sha512-LJV97//H+zqKWMms0kvxaKYJDG05U2TtQB3chRLF8MPNs+MQh/H1aGlyDUxjaHvu08EAGerdX2z4LTBc7ns77A==
    dependencies:
      "@types/prop-types" "*"
      csstype "^2.2.0"
  
  csstype@^2.2.0:
    version "2.6.8"
    resolved "https://registry.yarnpkg.com/csstype/-/csstype-2.6.8.tgz#0fb6fc2417ffd2816a418c9336da74d7f07db431"
    integrity sha512-msVS9qTuMT5zwAGCVm4mxfrZ18BNc6Csd0oJAtiFMZ1FAx1CCvy2+5MDmYoix63LM/6NDbNtodCiGYGmFgO0dA==
  
  hoist-non-react-statics@^3.3.0:
    version "3.3.2"
    resolved "https://registry.yarnpkg.com/hoist-non-react-statics/-/hoist-non-react-statics-3.3.2.tgz#ece0acaf71d62c2969c2ec59feff42a4b1a85b45"
    integrity sha512-/gGivxi8JPKWNm/W0jSmzcMPpfpPLc3dY/6GxhX2hQ9iGj3aDfklV4ET7NjKpSinLpJ5vafa9iiGIEZg10SfBw==
    dependencies:
      react-is "^16.7.0"
  
  react-is@^16.7.0:
    version "16.12.0"
    resolved "https://registry.yarnpkg.com/react-is/-/react-is-16.12.0.tgz#2cc0fe0fba742d97fd527c42a13bec4eeb06241c"
    integrity sha512-rPCkf/mWBtKc97aLL9/txD8DZdemK0vkA3JMLShjlJB3Pj3s+lpf1KaBzMfQrAmhMQB0n1cU/SUGgKKBCe837Q==
  
  react-native-iphone-x-helper@^1.2.1:
    version "1.2.1"
    resolved "https://registry.yarnpkg.com/react-native-iphone-x-helper/-/react-native-iphone-x-helper-1.2.1.tgz#645e2ffbbb49e80844bb4cbbe34a126fda1e6772"
    integrity sha512-/VbpIEp8tSNNHIvstuA3Swx610whci1Zpc9mqNkqn14DkMbw+ORviln2u0XyHG1kPvvwTNGZY6QpeFwxYaSdbQ==
  
  react-native-platform-touchable@^1.1.1:
    version "1.1.1"
    resolved "https://registry.yarnpkg.com/react-native-platform-touchable/-/react-native-platform-touchable-1.1.1.tgz#fde4acc65eea585d28b164d0c3716a42129a68e4"
    integrity sha1-/eSsxl7qWF0osWTQw3FqQhKaaOQ=
